<?xml version="1.0" encoding="UTF-8"?>
<testng-results skipped="0" failed="2" total="6" passed="4">
  <reporter-output>
  </reporter-output>
  <suite name="Suite for run from testng.xml" duration-ms="62807" started-at="2016-02-03T12:36:22Z" finished-at="2016-02-03T12:37:25Z">
    <groups>
    </groups>
    <test name="Test Test" duration-ms="8902" started-at="2016-02-03T12:36:22Z" finished-at="2016-02-03T12:36:31Z">
      <class name="test.java.TestingTests">
        <test-method status="PASS" signature="initSuite()[pri:0, instance:test.java.TestingTests@4d1c00d0]" name="initSuite" is-config="true" duration-ms="3801" started-at="2016-02-03T13:36:22Z" finished-at="2016-02-03T13:36:26Z">
          <reporter-output>
          </reporter-output>
        </test-method> <!-- initSuite -->
        <test-method status="PASS" signature="testTheTest()[pri:2, instance:test.java.TestingTests@4d1c00d0]" name="testTheTest" duration-ms="5087" started-at="2016-02-03T13:36:26Z" finished-at="2016-02-03T13:36:31Z">
          <reporter-output>
          </reporter-output>
        </test-method> <!-- testTheTest -->
      </class> <!-- test.java.TestingTests -->
    </test> <!-- Test Test -->
    <test name="First Test" duration-ms="53855" started-at="2016-02-03T12:36:31Z" finished-at="2016-02-03T12:37:25Z">
      <class name="test.java.BuscadorBlockTests">
        <test-method status="PASS" signature="initSuite()[pri:0, instance:test.java.BuscadorBlockTests@510f3d34]" name="initSuite" is-config="true" duration-ms="604" started-at="2016-02-03T13:36:31Z" finished-at="2016-02-03T13:36:32Z">
          <reporter-output>
          </reporter-output>
        </test-method> <!-- initSuite -->
        <test-method status="PASS" signature="checkingTheDriver()[pri:0, instance:test.java.BuscadorBlockTests@510f3d34]" name="checkingTheDriver" is-config="true" duration-ms="1695" started-at="2016-02-03T13:36:32Z" finished-at="2016-02-03T13:36:33Z">
          <reporter-output>
          </reporter-output>
        </test-method> <!-- checkingTheDriver -->
        <test-method status="FAIL" signature="movingTheFormsSliders(java.lang.String, java.lang.String, java.lang.String, java.lang.String, int, int, int, int)[pri:0, instance:test.java.BuscadorBlockTests@510f3d34]" name="movingTheFormsSliders" duration-ms="91" started-at="2016-02-03T13:36:33Z" data-provider="providingDataToBuscarBlock" finished-at="2016-02-03T13:36:33Z">
          <params>
            <param index="0">
              <value>
                <![CDATA[pollas]]>
              </value>
            </param>
            <param index="1">
              <value>
                <![CDATA[Venta]]>
              </value>
            </param>
            <param index="2">
              <value>
                <![CDATA[Cuenca]]>
              </value>
            </param>
            <param index="3">
              <value>
                <![CDATA[4]]>
              </value>
            </param>
            <param index="4">
              <value>
                <![CDATA[60000]]>
              </value>
            </param>
            <param index="5">
              <value>
                <![CDATA[90000]]>
              </value>
            </param>
            <param index="6">
              <value>
                <![CDATA[60]]>
              </value>
            </param>
            <param index="7">
              <value>
                <![CDATA[70]]>
              </value>
            </param>
          </params>
          <exception class="org.openqa.selenium.NoSuchElementException">
            <message>
              <![CDATA[Cannot locate option with value: pollas
For documentation on this error, please visit: http://seleniumhq.org/exceptions/no_such_element.html
Build info: version: '2.49.0', revision: '365eeb44deba2067b1761c8862ef21d55250e063', time: '2016-01-13 11:57:39'
System info: host: 'EPPLKRAW0119', ip: '192.168.0.17', os.name: 'Windows 7', os.arch: 'amd64', os.version: '6.1', java.version: '1.8.0_20'
Driver info: driver.version: unknown]]>
            </message>
            <full-stacktrace>
              <![CDATA[org.openqa.selenium.NoSuchElementException: Cannot locate option with value: pollas
For documentation on this error, please visit: http://seleniumhq.org/exceptions/no_such_element.html
Build info: version: '2.49.0', revision: '365eeb44deba2067b1761c8862ef21d55250e063', time: '2016-01-13 11:57:39'
System info: host: 'EPPLKRAW0119', ip: '192.168.0.17', os.name: 'Windows 7', os.arch: 'amd64', os.version: '6.1', java.version: '1.8.0_20'
Driver info: driver.version: unknown
	at org.openqa.selenium.support.ui.Select.selectByValue(Select.java:214)
	at main.java.pageObjects.BuscadorBlock.selectFromSelectsBlock(BuscadorBlock.java:177)
	at main.java.pageObjects.BuscadorBlock.queryIntheSearchBlock(BuscadorBlock.java:181)
	at test.java.BuscadorBlockTests.movingTheFormsSliders(BuscadorBlockTests.java:38)
	at sun.reflect.NativeMethodAccessorImpl.invoke0(Native Method)
	at sun.reflect.NativeMethodAccessorImpl.invoke(NativeMethodAccessorImpl.java:62)
	at sun.reflect.DelegatingMethodAccessorImpl.invoke(DelegatingMethodAccessorImpl.java:43)
	at java.lang.reflect.Method.invoke(Method.java:483)
	at org.testng.internal.MethodInvocationHelper.invokeMethod(MethodInvocationHelper.java:86)
	at org.testng.internal.Invoker.invokeMethod(Invoker.java:643)
	at org.testng.internal.Invoker.invokeTestMethod(Invoker.java:820)
	at org.testng.internal.Invoker.invokeTestMethods(Invoker.java:1128)
	at org.testng.internal.TestMethodWorker.invokeTestMethods(TestMethodWorker.java:129)
	at org.testng.internal.TestMethodWorker.run(TestMethodWorker.java:112)
	at org.testng.TestRunner.privateRun(TestRunner.java:782)
	at org.testng.TestRunner.run(TestRunner.java:632)
	at org.testng.SuiteRunner.runTest(SuiteRunner.java:366)
	at org.testng.SuiteRunner.runSequentially(SuiteRunner.java:361)
	at org.testng.SuiteRunner.privateRun(SuiteRunner.java:319)
	at org.testng.SuiteRunner.run(SuiteRunner.java:268)
	at org.testng.SuiteRunnerWorker.runSuite(SuiteRunnerWorker.java:52)
	at org.testng.SuiteRunnerWorker.run(SuiteRunnerWorker.java:86)
	at org.testng.TestNG.runSuitesSequentially(TestNG.java:1244)
	at org.testng.TestNG.runSuitesLocally(TestNG.java:1169)
	at org.testng.TestNG.run(TestNG.java:1064)
	at org.apache.maven.surefire.testng.TestNGExecutor.run(TestNGExecutor.java:281)
	at org.apache.maven.surefire.testng.TestNGXmlTestSuite.execute(TestNGXmlTestSuite.java:75)
	at org.apache.maven.surefire.testng.TestNGProvider.invoke(TestNGProvider.java:121)
	at org.apache.maven.surefire.booter.ForkedBooter.invokeProviderInSameClassLoader(ForkedBooter.java:290)
	at org.apache.maven.surefire.booter.ForkedBooter.runSuitesInProcess(ForkedBooter.java:242)
	at org.apache.maven.surefire.booter.ForkedBooter.main(ForkedBooter.java:121)
]]>
            </full-stacktrace>
          </exception> <!-- org.openqa.selenium.NoSuchElementException -->
          <reporter-output>
          </reporter-output>
        </test-method> <!-- movingTheFormsSliders -->
        <test-method status="PASS" signature="cookieCleaner()[pri:0, instance:test.java.BuscadorBlockTests@510f3d34]" name="cookieCleaner" is-config="true" duration-ms="143" started-at="2016-02-03T13:36:34Z" finished-at="2016-02-03T13:36:34Z">
          <reporter-output>
          </reporter-output>
        </test-method> <!-- cookieCleaner -->
        <test-method status="PASS" signature="checkingTheDriver()[pri:0, instance:test.java.BuscadorBlockTests@510f3d34]" name="checkingTheDriver" is-config="true" duration-ms="1723" started-at="2016-02-03T13:36:34Z" finished-at="2016-02-03T13:36:35Z">
          <reporter-output>
          </reporter-output>
        </test-method> <!-- checkingTheDriver -->
        <test-method status="PASS" signature="movingTheFormsSliders(java.lang.String, java.lang.String, java.lang.String, java.lang.String, int, int, int, int)[pri:0, instance:test.java.BuscadorBlockTests@510f3d34]" name="movingTheFormsSliders" duration-ms="12188" started-at="2016-02-03T13:36:35Z" data-provider="providingDataToBuscarBlock" finished-at="2016-02-03T13:36:48Z">
          <params>
            <param index="0">
              <value>
                <![CDATA[Adosado]]>
              </value>
            </param>
            <param index="1">
              <value>
                <![CDATA[Venta]]>
              </value>
            </param>
            <param index="2">
              <value>
                <![CDATA[Cuenca]]>
              </value>
            </param>
            <param index="3">
              <value>
                <![CDATA[4]]>
              </value>
            </param>
            <param index="4">
              <value>
                <![CDATA[80000]]>
              </value>
            </param>
            <param index="5">
              <value>
                <![CDATA[90000]]>
              </value>
            </param>
            <param index="6">
              <value>
                <![CDATA[80]]>
              </value>
            </param>
            <param index="7">
              <value>
                <![CDATA[200]]>
              </value>
            </param>
          </params>
          <reporter-output>
          </reporter-output>
        </test-method> <!-- movingTheFormsSliders -->
        <test-method status="PASS" signature="cookieCleaner()[pri:0, instance:test.java.BuscadorBlockTests@510f3d34]" name="cookieCleaner" is-config="true" duration-ms="1505" started-at="2016-02-03T13:36:48Z" finished-at="2016-02-03T13:36:49Z">
          <reporter-output>
          </reporter-output>
        </test-method> <!-- cookieCleaner -->
        <test-method status="PASS" signature="checkingTheDriver()[pri:0, instance:test.java.BuscadorBlockTests@510f3d34]" name="checkingTheDriver" is-config="true" duration-ms="639" started-at="2016-02-03T13:36:49Z" finished-at="2016-02-03T13:36:50Z">
          <reporter-output>
          </reporter-output>
        </test-method> <!-- checkingTheDriver -->
        <test-method status="PASS" signature="movingTheFormsSliders(java.lang.String, java.lang.String, java.lang.String, java.lang.String, int, int, int, int)[pri:0, instance:test.java.BuscadorBlockTests@510f3d34]" name="movingTheFormsSliders" duration-ms="10652" started-at="2016-02-03T13:36:50Z" data-provider="providingDataToBuscarBlock" finished-at="2016-02-03T13:37:00Z">
          <params>
            <param index="0">
              <value>
                <![CDATA[Adosado]]>
              </value>
            </param>
            <param index="1">
              <value>
                <![CDATA[Venta]]>
              </value>
            </param>
            <param index="2">
              <value>
                <![CDATA[Cuenca]]>
              </value>
            </param>
            <param index="3">
              <value>
                <![CDATA[4]]>
              </value>
            </param>
            <param index="4">
              <value>
                <![CDATA[50000]]>
              </value>
            </param>
            <param index="5">
              <value>
                <![CDATA[60000]]>
              </value>
            </param>
            <param index="6">
              <value>
                <![CDATA[100]]>
              </value>
            </param>
            <param index="7">
              <value>
                <![CDATA[300]]>
              </value>
            </param>
          </params>
          <reporter-output>
          </reporter-output>
        </test-method> <!-- movingTheFormsSliders -->
        <test-method status="PASS" signature="cookieCleaner()[pri:0, instance:test.java.BuscadorBlockTests@510f3d34]" name="cookieCleaner" is-config="true" duration-ms="816" started-at="2016-02-03T13:37:00Z" finished-at="2016-02-03T13:37:01Z">
          <reporter-output>
          </reporter-output>
        </test-method> <!-- cookieCleaner -->
        <test-method status="PASS" signature="checkingTheDriver()[pri:0, instance:test.java.BuscadorBlockTests@510f3d34]" name="checkingTheDriver" is-config="true" duration-ms="823" started-at="2016-02-03T13:37:01Z" finished-at="2016-02-03T13:37:02Z">
          <reporter-output>
          </reporter-output>
        </test-method> <!-- checkingTheDriver -->
        <test-method status="FAIL" signature="movingTheFormsSliders(java.lang.String, java.lang.String, java.lang.String, java.lang.String, int, int, int, int)[pri:0, instance:test.java.BuscadorBlockTests@510f3d34]" name="movingTheFormsSliders" duration-ms="7694" started-at="2016-02-03T13:37:02Z" data-provider="providingDataToBuscarBlock" finished-at="2016-02-03T13:37:10Z">
          <params>
            <param index="0">
              <value>
                <![CDATA[Adosado]]>
              </value>
            </param>
            <param index="1">
              <value>
                <![CDATA[Venta]]>
              </value>
            </param>
            <param index="2">
              <value>
                <![CDATA[Cuenca]]>
              </value>
            </param>
            <param index="3">
              <value>
                <![CDATA[4]]>
              </value>
            </param>
            <param index="4">
              <value>
                <![CDATA[20000]]>
              </value>
            </param>
            <param index="5">
              <value>
                <![CDATA[30000]]>
              </value>
            </param>
            <param index="6">
              <value>
                <![CDATA[50]]>
              </value>
            </param>
            <param index="7">
              <value>
                <![CDATA[800000000]]>
              </value>
            </param>
          </params>
          <exception class="java.lang.NumberFormatException">
            <message>
              <![CDATA[For input string: "1000+"]]>
            </message>
            <full-stacktrace>
              <![CDATA[java.lang.NumberFormatException: For input string: "1000+"
	at java.lang.NumberFormatException.forInputString(NumberFormatException.java:65)
	at java.lang.Integer.parseInt(Integer.java:580)
	at java.lang.Integer.valueOf(Integer.java:766)
	at main.java.pageObjects.BuscadorBlock.findCorrectValueWhenSlideIsHidden(BuscadorBlock.java:130)
	at main.java.pageObjects.BuscadorBlock.moveTheSlider(BuscadorBlock.java:143)
	at main.java.pageObjects.BuscadorBlock.setTheSurfaceRange(BuscadorBlock.java:119)
	at main.java.pageObjects.BuscadorBlock.queryIntheSearchBlock(BuscadorBlock.java:186)
	at test.java.BuscadorBlockTests.movingTheFormsSliders(BuscadorBlockTests.java:38)
	at sun.reflect.NativeMethodAccessorImpl.invoke0(Native Method)
	at sun.reflect.NativeMethodAccessorImpl.invoke(NativeMethodAccessorImpl.java:62)
	at sun.reflect.DelegatingMethodAccessorImpl.invoke(DelegatingMethodAccessorImpl.java:43)
	at java.lang.reflect.Method.invoke(Method.java:483)
	at org.testng.internal.MethodInvocationHelper.invokeMethod(MethodInvocationHelper.java:86)
	at org.testng.internal.Invoker.invokeMethod(Invoker.java:643)
	at org.testng.internal.Invoker.invokeTestMethod(Invoker.java:820)
	at org.testng.internal.Invoker.invokeTestMethods(Invoker.java:1128)
	at org.testng.internal.TestMethodWorker.invokeTestMethods(TestMethodWorker.java:129)
	at org.testng.internal.TestMethodWorker.run(TestMethodWorker.java:112)
	at org.testng.TestRunner.privateRun(TestRunner.java:782)
	at org.testng.TestRunner.run(TestRunner.java:632)
	at org.testng.SuiteRunner.runTest(SuiteRunner.java:366)
	at org.testng.SuiteRunner.runSequentially(SuiteRunner.java:361)
	at org.testng.SuiteRunner.privateRun(SuiteRunner.java:319)
	at org.testng.SuiteRunner.run(SuiteRunner.java:268)
	at org.testng.SuiteRunnerWorker.runSuite(SuiteRunnerWorker.java:52)
	at org.testng.SuiteRunnerWorker.run(SuiteRunnerWorker.java:86)
	at org.testng.TestNG.runSuitesSequentially(TestNG.java:1244)
	at org.testng.TestNG.runSuitesLocally(TestNG.java:1169)
	at org.testng.TestNG.run(TestNG.java:1064)
	at org.apache.maven.surefire.testng.TestNGExecutor.run(TestNGExecutor.java:281)
	at org.apache.maven.surefire.testng.TestNGXmlTestSuite.execute(TestNGXmlTestSuite.java:75)
	at org.apache.maven.surefire.testng.TestNGProvider.invoke(TestNGProvider.java:121)
	at org.apache.maven.surefire.booter.ForkedBooter.invokeProviderInSameClassLoader(ForkedBooter.java:290)
	at org.apache.maven.surefire.booter.ForkedBooter.runSuitesInProcess(ForkedBooter.java:242)
	at org.apache.maven.surefire.booter.ForkedBooter.main(ForkedBooter.java:121)
]]>
            </full-stacktrace>
          </exception> <!-- java.lang.NumberFormatException -->
          <reporter-output>
          </reporter-output>
        </test-method> <!-- movingTheFormsSliders -->
        <test-method status="PASS" signature="cookieCleaner()[pri:0, instance:test.java.BuscadorBlockTests@510f3d34]" name="cookieCleaner" is-config="true" duration-ms="137" started-at="2016-02-03T13:37:10Z" finished-at="2016-02-03T13:37:10Z">
          <reporter-output>
          </reporter-output>
        </test-method> <!-- cookieCleaner -->
        <test-method status="PASS" signature="checkingTheDriver()[pri:0, instance:test.java.BuscadorBlockTests@510f3d34]" name="checkingTheDriver" is-config="true" duration-ms="2041" started-at="2016-02-03T13:37:10Z" finished-at="2016-02-03T13:37:12Z">
          <reporter-output>
          </reporter-output>
        </test-method> <!-- checkingTheDriver -->
        <test-method status="PASS" signature="movingTheFormsSliders(java.lang.String, java.lang.String, java.lang.String, java.lang.String, int, int, int, int)[pri:0, instance:test.java.BuscadorBlockTests@510f3d34]" name="movingTheFormsSliders" duration-ms="12192" started-at="2016-02-03T13:37:12Z" data-provider="providingDataToBuscarBlock" finished-at="2016-02-03T13:37:24Z">
          <params>
            <param index="0">
              <value>
                <![CDATA[Adosado]]>
              </value>
            </param>
            <param index="1">
              <value>
                <![CDATA[Venta]]>
              </value>
            </param>
            <param index="2">
              <value>
                <![CDATA[Cuenca]]>
              </value>
            </param>
            <param index="3">
              <value>
                <![CDATA[4]]>
              </value>
            </param>
            <param index="4">
              <value>
                <![CDATA[10000]]>
              </value>
            </param>
            <param index="5">
              <value>
                <![CDATA[90000]]>
              </value>
            </param>
            <param index="6">
              <value>
                <![CDATA[200]]>
              </value>
            </param>
            <param index="7">
              <value>
                <![CDATA[900]]>
              </value>
            </param>
          </params>
          <reporter-output>
          </reporter-output>
        </test-method> <!-- movingTheFormsSliders -->
        <test-method status="PASS" signature="cookieCleaner()[pri:0, instance:test.java.BuscadorBlockTests@510f3d34]" name="cookieCleaner" is-config="true" duration-ms="861" started-at="2016-02-03T13:37:24Z" finished-at="2016-02-03T13:37:25Z">
          <reporter-output>
          </reporter-output>
        </test-method> <!-- cookieCleaner -->
        <test-method status="PASS" signature="shutDown()[pri:0, instance:test.java.BuscadorBlockTests@510f3d34]" name="shutDown" is-config="true" duration-ms="1781" started-at="2016-02-03T13:37:25Z" finished-at="2016-02-03T13:37:27Z">
          <reporter-output>
          </reporter-output>
        </test-method> <!-- shutDown -->
      </class> <!-- test.java.BuscadorBlockTests -->
    </test> <!-- First Test -->
  </suite> <!-- Suite for run from testng.xml -->
</testng-results>
